TN:
SF:/Users/lijiajun/webspace/uxcore单元测试/uxcore-dropdown/src/index.js
FNF:0
FNH:0
DA:11,1
LF:1
LH:1
BRF:0
BRH:0
end_of_record
TN:
SF:/Users/lijiajun/webspace/uxcore单元测试/uxcore-dropdown/src/Dropdown.js
FN:15,_interopRequireDefault
FN:17,_defaults
FN:19,_classCallCheck
FN:21,_possibleConstructorReturn
FN:23,_inherits
FN:25,(anonymous_6)
FN:28,Dropdown
FNF:7
FNH:7
FNDA:2,_interopRequireDefault
FNDA:1,_defaults
FNDA:1,_classCallCheck
FNDA:1,_possibleConstructorReturn
FNDA:1,_inherits
FNDA:1,(anonymous_6)
FNDA:1,Dropdown
DA:3,1
DA:7,1
DA:9,1
DA:11,1
DA:13,1
DA:15,2
DA:17,7
DA:19,1
DA:21,1
DA:23,1
DA:25,1
DA:26,1
DA:28,1
DA:29,1
DA:31,1
DA:34,1
DA:37,1
DA:38,1
DA:39,1
DA:44,1
DA:45,1
LF:21
LH:21
BRDA:15,1,0,0
BRDA:15,1,1,2
BRDA:15,2,0,2
BRDA:15,2,1,2
BRDA:17,3,0,2
BRDA:17,3,1,5
BRDA:17,4,0,7
BRDA:17,4,1,7
BRDA:17,4,2,2
BRDA:19,5,0,0
BRDA:19,5,1,1
BRDA:21,6,0,0
BRDA:21,6,1,1
BRDA:21,7,0,1
BRDA:21,7,1,0
BRDA:21,8,0,1
BRDA:21,8,1,1
BRDA:21,8,2,0
BRDA:23,9,0,0
BRDA:23,9,1,1
BRDA:23,10,0,1
BRDA:23,10,1,0
BRDA:23,11,0,1
BRDA:23,11,1,1
BRDA:23,12,0,1
BRDA:23,12,1,0
BRDA:23,13,0,0
BRDA:23,13,1,1
BRF:28
BRH:19
end_of_record
